Build started 28.12.2015 15:28:10.
     1>Project "C:\Users\xx\Desktop\Prodavnica APP\Prodavnica APP\ConsoleApplication1\ConsoleApplication1.vcxproj" on node 2 (Build target(s)).
     1>ClCompile:
         C:\Program Files (x86)\Microsoft Visual Studio 14.0\VC\bin\CL.exe /c /ZI /nologo /W3 /WX- /sdl /Od /Oy- /D WIN32 /D _DEBUG /D _CONSOLE /D _UNICODE /D UNICODE /Gm /EHsc /RTC1 /MDd /GS /fp:precise /Zc:wchar_t /Zc:forScope /Zc:inline /Yu"stdafx.h" /Fp"Debug\ConsoleApplication1.pch" /Fo"Debug\\" /Fd"Debug\vc140.pdb" /Gd /TP /analyze- /errorReport:prompt nivo2.cpp nivo3.cpp
         nivo3.cpp
         nivo2.cpp
         Generating Code...
       Link:
         C:\Program Files (x86)\Microsoft Visual Studio 14.0\VC\bin\link.exe /ERRORREPORT:PROMPT /OUT:"C:\Users\xx\Desktop\Prodavnica APP\Prodavnica APP\Debug\ConsoleApplication1.exe" /INCREMENTAL /NOLOGO kernel32.lib user32.lib gdi32.lib winspool.lib comdlg32.lib advapi32.lib shell32.lib ole32.lib oleaut32.lib uuid.lib odbc32.lib odbccp32.lib /MANIFEST /MANIFESTUAC:"level='asInvoker' uiAccess='false'" /manifest:embed /Debug /PDB:"C:\Users\xx\Desktop\Prodavnica APP\Prodavnica APP\Debug\ConsoleApplication1.pdb" /SUBSYSTEM:CONSOLE /TLBID:1 /DYNAMICBASE /NXCOMPAT /IMPLIB:"C:\Users\xx\Desktop\Prodavnica APP\Prodavnica APP\Debug\ConsoleApplication1.lib" /MACHINE:X86 Debug\ConsoleApplication1.obj
         Debug\Korisnik.obj
         Debug\nivo0.obj
         Debug\nivo1.obj
         Debug\nivo2.obj
         Debug\nivo3.obj
         Debug\nivo4.obj
         Debug\ostalo.obj
         Debug\Proizvod.obj
         Debug\stdafx.obj
         ConsoleApplication1.vcxproj -> C:\Users\xx\Desktop\Prodavnica APP\Prodavnica APP\Debug\ConsoleApplication1.exe
     1>Done Building Project "C:\Users\xx\Desktop\Prodavnica APP\Prodavnica APP\ConsoleApplication1\ConsoleApplication1.vcxproj" (Build target(s)).

Build succeeded.

Time Elapsed 00:00:03.58
